::1 - - [11/Sep/2024:17:16:14 -0300] "GET / HTTP/1.1" 302 -
::1 - - [11/Sep/2024:17:16:14 -0300] "GET /vmx-cloud-dev/ HTTP/1.1" 200 592
::1 - - [11/Sep/2024:17:17:41 -0300] "GET /vmx-cloud-dev/ HTTP/1.1" 200 2276
::1 - - [11/Sep/2024:17:22:41 -0300] "-" 408 -
::1 - - [11/Sep/2024:19:02:45 -0300] "GET /vmx-cloud-dev//blog HTTP/1.1" 301 343
::1 - - [11/Sep/2024:19:02:45 -0300] "GET /vmx-cloud-dev/blog/ HTTP/1.1" 200 4572
::1 - - [11/Sep/2024:19:02:45 -0300] "GET /vmx-cloud-dev/blog//css/stylus.css HTTP/1.1" 200 967
::1 - - [11/Sep/2024:19:02:45 -0300] "GET /vmx-cloud-dev/blog//css/styles.css HTTP/1.1" 200 4049
::1 - - [11/Sep/2024:19:02:45 -0300] "GET /vmx-cloud-dev/blog//img/prog-2.jpg HTTP/1.1" 200 261952
::1 - - [11/Sep/2024:19:02:45 -0300] "GET /vmx-cloud-dev/blog/js/main.js HTTP/1.1" 404 295
::1 - - [11/Sep/2024:19:02:45 -0300] "GET /vmx-cloud-dev/blog//img/prog-3.jpg HTTP/1.1" 200 193624
::1 - - [11/Sep/2024:19:02:45 -0300] "GET /vmx-cloud-dev/blog//img/prog-4.jpg HTTP/1.1" 200 354632
::1 - - [11/Sep/2024:19:02:45 -0300] "GET /vmx-cloud-dev/blog//img/prog-1.jpg HTTP/1.1" 200 369074
::1 - - [11/Sep/2024:19:02:45 -0300] "GET /vmx-cloud-dev/blog/img/favicons/favicon.ico HTTP/1.1" 404 295
::1 - - [11/Sep/2024:19:04:14 -0300] "GET /vmx-cloud-dev/blog/ HTTP/1.1" 200 4573
::1 - - [11/Sep/2024:19:04:14 -0300] "GET /js/main.js HTTP/1.1" 404 295
::1 - - [11/Sep/2024:19:09:14 -0300] "-" 408 -
::1 - - [11/Sep/2024:19:12:46 -0300] "GET /vmx-cloud-dev/blog/ HTTP/1.1" 200 4573
::1 - - [11/Sep/2024:19:12:46 -0300] "GET /js/main.js HTTP/1.1" 404 295
::1 - - [11/Sep/2024:19:13:34 -0300] "GET /vmx-cloud-dev/blog/ HTTP/1.1" 200 4572
::1 - - [11/Sep/2024:19:13:34 -0300] "GET /vmx-cloud-dev/blog/js/main.js HTTP/1.1" 200 601
::1 - - [11/Sep/2024:19:16:29 -0300] "GET /vmx-cloud-dev/blog/ HTTP/1.1" 200 4572
::1 - - [11/Sep/2024:19:16:29 -0300] "GET /vmx-cloud-dev/blog/js/main.js HTTP/1.1" 304 -
::1 - - [11/Sep/2024:19:17:01 -0300] "GET /vmx-cloud-dev/blog/post.php?id=1 HTTP/1.1" 200 5266
::1 - - [11/Sep/2024:19:17:01 -0300] "GET /vmx-cloud-dev/blog/js/main.js HTTP/1.1" 304 -
::1 - - [11/Sep/2024:19:17:21 -0300] "GET /vmx-cloud-dev/blog/ HTTP/1.1" 200 4572
::1 - - [11/Sep/2024:19:19:10 -0300] "GET /vmx-cloud-dev/blog/ HTTP/1.1" 200 4488
::1 - - [11/Sep/2024:19:19:10 -0300] "GET /vmx-cloud-dev/blog/js/main.js HTTP/1.1" 304 -
::1 - - [11/Sep/2024:19:19:17 -0300] "GET /vmx-cloud-dev/blog/post.php?id=1 HTTP/1.1" 200 5182
::1 - - [11/Sep/2024:19:19:45 -0300] "GET /vmx-cloud-dev/blog/post.php?id=1 HTTP/1.1" 200 5182
::1 - - [11/Sep/2024:19:20:46 -0300] "GET /vmx-cloud-dev/blog/post.php?id=1 HTTP/1.1" 200 5266
::1 - - [11/Sep/2024:19:20:46 -0300] "GET /vmx-cloud-dev/blog/js/main.js HTTP/1.1" 304 -
::1 - - [11/Sep/2024:19:22:37 -0300] "GET /vmx-cloud-dev/blog/post.php?id=1 HTTP/1.1" 200 5266
::1 - - [11/Sep/2024:19:22:37 -0300] "GET /vmx-cloud-dev/blog/js/main.js HTTP/1.1" 304 -
::1 - - [11/Sep/2024:19:22:41 -0300] "GET /vmx-cloud-dev/blog/post.php?id=1 HTTP/1.1" 200 5266
::1 - - [11/Sep/2024:19:22:49 -0300] "GET /vmx-cloud-dev/blog/post.php?id=1 HTTP/1.1" 200 5266
::1 - - [11/Sep/2024:19:23:19 -0300] "GET /vmx-cloud-dev/blog/post.php?id=1 HTTP/1.1" 200 5182
::1 - - [11/Sep/2024:19:23:24 -0300] "GET /vmx-cloud-dev/blog/post.php?id=1 HTTP/1.1" 200 5182
::1 - - [11/Sep/2024:19:24:02 -0300] "GET /vmx-cloud-dev/blog/post.php?id=1 HTTP/1.1" 200 5266
::1 - - [11/Sep/2024:19:24:02 -0300] "GET /vmx-cloud-dev/blog/js/main.js HTTP/1.1" 304 -
::1 - - [11/Sep/2024:19:24:08 -0300] "GET /vmx-cloud-dev/blog/post.php?id=1 HTTP/1.1" 200 5266
::1 - - [11/Sep/2024:19:24:14 -0300] "GET /vmx-cloud-dev/blog/post.php?id=1 HTTP/1.1" 200 5266
::1 - - [11/Sep/2024:19:27:38 -0300] "GET /vmx-cloud-dev/blog/ HTTP/1.1" 404 295
::1 - - [11/Sep/2024:19:29:47 -0300] "GET /vmx-cloud-dev/blog/ HTTP/1.1" 200 1588
::1 - - [11/Sep/2024:19:29:47 -0300] "GET /vmx-cloud-dev/blog/js/scripts.js HTTP/1.1" 200 575
::1 - - [11/Sep/2024:19:29:47 -0300] "GET /vmx-cloud-dev/blog/css/styles.css HTTP/1.1" 200 1959
::1 - - [11/Sep/2024:19:29:47 -0300] "GET /vmx-cloud-dev/blog/img/tenis.png HTTP/1.1" 200 200546
::1 - - [11/Sep/2024:19:30:52 -0300] "GET /vmx-cloud-dev/blog/post.php?id=1 HTTP/1.1" 404 295
::1 - - [11/Sep/2024:19:30:58 -0300] "GET /vmx-cloud-dev/blog HTTP/1.1" 301 343
::1 - - [11/Sep/2024:19:31:07 -0300] "GET /vmx-cloud-dev/blog/ HTTP/1.1" 304 -
::1 - - [11/Sep/2024:19:36:07 -0300] "-" 408 -
::1 - - [11/Sep/2024:20:07:45 -0300] "GET /vmx-cloud-dev/blog/ HTTP/1.1" 304 -
::1 - - [11/Sep/2024:20:07:46 -0300] "GET /vmx-cloud-dev/blog/ HTTP/1.1" 304 -
::1 - - [11/Sep/2024:20:07:52 -0300] "GET /vmx-cloud-dev/blog/ HTTP/1.1" 304 -
::1 - - [11/Sep/2024:20:07:59 -0300] "GET /vmx-cloud-dev/blog/ HTTP/1.1" 304 -
::1 - - [11/Sep/2024:20:08:07 -0300] "GET /vmx-cloud-dev/ HTTP/1.1" 200 2276
::1 - - [11/Sep/2024:20:09:56 -0300] "GET /vmx-cloud-dev/blog/ HTTP/1.1" 200 4000
::1 - - [11/Sep/2024:20:09:56 -0300] "GET /vmx-cloud-dev/blog//img/logo.svg HTTP/1.1" 200 1752
::1 - - [11/Sep/2024:20:10:17 -0300] "GET /vmx-cloud-dev/blog/ HTTP/1.1" 200 4000
::1 - - [11/Sep/2024:20:10:49 -0300] "GET /vmx-cloud-dev/blog/ HTTP/1.1" 200 4000
::1 - - [11/Sep/2024:20:10:59 -0300] "GET /vmx-cloud-dev/blog/post.php?id=1 HTTP/1.1" 200 4692
::1 - - [11/Sep/2024:20:15:59 -0300] "-" 408 -
::1 - - [11/Sep/2024:21:33:29 -0300] "GET / HTTP/1.1" 302 -
::1 - - [11/Sep/2024:21:33:29 -0300] "GET /vmx-cloud-dev/ HTTP/1.1" 200 2276
::1 - - [11/Sep/2024:21:33:39 -0300] "GET /vmx-cloud-dev/blog/ HTTP/1.1" 200 4000
::1 - - [11/Sep/2024:21:33:55 -0300] "GET /vmx-cloud-dev/blog/post.php?id=1 HTTP/1.1" 200 4692
::1 - - [11/Sep/2024:21:34:03 -0300] "GET /vmx-cloud-dev/blog/ HTTP/1.1" 200 4000
